<?xml version="1.0" encoding="UTF-8"?>
<testng-results ignored="0" total="3" passed="3" failed="0" skipped="0">
  <reporter-output>
  </reporter-output>
  <suite started-at="2025-03-20T00:02:50 IST" name="All Test Suite" finished-at="2025-03-20T00:03:12 IST" duration-ms="21416">
    <groups>
    </groups>
    <test started-at="2025-03-20T00:02:50 IST" name="C:/Users/Zen/IdeaProjects/MavenProjectDemo" finished-at="2025-03-20T00:03:12 IST" duration-ms="21416">
      <class name="testng.parameterizationdemo.DataProviderWithExcel">
        <test-method signature="searchOnlineClasses(java.lang.String,java.lang.String)[pri:0, instance:testng.parameterizationdemo.DataProviderWithExcel@290d210d]" started-at="2025-03-20T00:02:51 IST" name="searchOnlineClasses" data-provider="test-data" finished-at="2025-03-20T00:02:58 IST" duration-ms="6920" status="PASS">
          <params>
            <param index="0">
              <value>
                <![CDATA[Selenium]]>
              </value>
            </param>
            <param index="1">
              <value>
                <![CDATA[Pune]]>
              </value>
            </param>
          </params>
          <reporter-output>
          </reporter-output>
        </test-method> <!-- searchOnlineClasses -->
        <test-method signature="searchOnlineClasses(java.lang.String,java.lang.String)[pri:0, instance:testng.parameterizationdemo.DataProviderWithExcel@290d210d]" started-at="2025-03-20T00:02:58 IST" name="searchOnlineClasses" data-provider="test-data" finished-at="2025-03-20T00:03:05 IST" duration-ms="6757" status="PASS">
          <params>
            <param index="0">
              <value>
                <![CDATA[Java]]>
              </value>
            </param>
            <param index="1">
              <value>
                <![CDATA[Mumbai]]>
              </value>
            </param>
          </params>
          <reporter-output>
          </reporter-output>
        </test-method> <!-- searchOnlineClasses -->
        <test-method signature="searchOnlineClasses(java.lang.String,java.lang.String)[pri:0, instance:testng.parameterizationdemo.DataProviderWithExcel@290d210d]" started-at="2025-03-20T00:03:05 IST" name="searchOnlineClasses" data-provider="test-data" finished-at="2025-03-20T00:03:12 IST" duration-ms="6681" status="PASS">
          <params>
            <param index="0">
              <value is-null="true"/>
            </param>
            <param index="1">
              <value is-null="true"/>
            </param>
          </params>
          <reporter-output>
          </reporter-output>
        </test-method> <!-- searchOnlineClasses -->
      </class> <!-- testng.parameterizationdemo.DataProviderWithExcel -->
    </test> <!-- C:/Users/Zen/IdeaProjects/MavenProjectDemo -->
  </suite> <!-- All Test Suite -->
</testng-results>
